This file contains any messages produced by compilers while
running configure, to aid debugging if configure makes a mistake.

It was created by dns2db configure 0.5_BETA, which was
generated by GNU Autoconf 2.61.  Invocation command line was

  $ ./configure 

## --------- ##
## Platform. ##
## --------- ##

hostname = calle
uname -m = i686
uname -r = 2.6.20-16-generic
uname -s = Linux
uname -v = #2 SMP Thu Jun 7 20:19:32 UTC 2007

/usr/bin/uname -p = unknown
/bin/uname -X     = unknown

/bin/arch              = i686
/usr/bin/arch -k       = unknown
/usr/convex/getsysinfo = unknown
/usr/bin/hostinfo      = unknown
/bin/machine           = unknown
/usr/bin/oslevel       = unknown
/bin/universe          = unknown

PATH: /usr/local/sbin
PATH: /usr/local/bin
PATH: /usr/sbin
PATH: /usr/bin
PATH: /sbin
PATH: /bin
PATH: /usr/bin/X11
PATH: /usr/games


## ----------- ##
## Core tests. ##
## ----------- ##

configure:1742: checking for gcc
configure:1758: found /usr/bin/gcc
configure:1769: result: gcc
configure:2007: checking for C compiler version
configure:2014: gcc --version >&5
gcc (GCC) 4.1.2 (Ubuntu 4.1.2-0ubuntu4)
Copyright (C) 2006 Free Software Foundation, Inc.
This is free software; see the source for copying conditions.  There is NO
warranty; not even for MERCHANTABILITY or FITNESS FOR A PARTICULAR PURPOSE.

configure:2017: $? = 0
configure:2024: gcc -v >&5
Using built-in specs.
Target: i486-linux-gnu
Configured with: ../src/configure -v --enable-languages=c,c++,fortran,objc,obj-c++,treelang --prefix=/usr --enable-shared --with-system-zlib --libexecdir=/usr/lib --without-included-gettext --enable-threads=posix --enable-nls --program-suffix=-4.1 --enable-__cxa_atexit --enable-clocale=gnu --enable-libstdcxx-debug --enable-mpfr --enable-checking=release i486-linux-gnu
Thread model: posix
gcc version 4.1.2 (Ubuntu 4.1.2-0ubuntu4)
configure:2027: $? = 0
configure:2034: gcc -V >&5
gcc: '-V' option must have argument
configure:2037: $? = 1
configure:2060: checking for C compiler default output file name
configure:2087: gcc    conftest.c  >&5
configure:2090: $? = 0
configure:2128: result: a.out
configure:2145: checking whether the C compiler works
configure:2155: ./a.out
configure:2158: $? = 0
configure:2175: result: yes
configure:2182: checking whether we are cross compiling
configure:2184: result: no
configure:2187: checking for suffix of executables
configure:2194: gcc -o conftest    conftest.c  >&5
configure:2197: $? = 0
configure:2221: result: 
configure:2227: checking for suffix of object files
configure:2253: gcc -c   conftest.c >&5
configure:2256: $? = 0
configure:2279: result: o
configure:2283: checking whether we are using the GNU C compiler
configure:2312: gcc -c   conftest.c >&5
configure:2318: $? = 0
configure:2335: result: yes
configure:2340: checking whether gcc accepts -g
configure:2370: gcc -c -g  conftest.c >&5
configure:2376: $? = 0
configure:2475: result: yes
configure:2492: checking for gcc option to accept ISO C89
configure:2566: gcc  -c -g -O2  conftest.c >&5
configure:2572: $? = 0
configure:2595: result: none needed
configure:2618: checking for pcap_open_offline in -lpcap
configure:2653: gcc -o conftest -g -O2   conftest.c -lpcap   >&5
configure:2659: $? = 0
configure:2677: result: yes
configure:2689: checking for sqlite3_close in -lsqlite3
configure:2724: gcc -o conftest -g -O2   conftest.c -lsqlite3  -lpcap  >&5
configure:2730: $? = 0
configure:2748: result: yes
configure:2760: checking for DNSLog_open in -lDNSLog
configure:2795: gcc -o conftest -g -O2   conftest.c -lDNSLog  -lsqlite3 -lpcap  >&5
configure:2801: $? = 0
configure:2819: result: yes
configure:2831: checking for ldns_wire2pkt in -lldns
configure:2866: gcc -o conftest -g -O2   conftest.c -lldns  -lDNSLog -lsqlite3 -lpcap  >&5
configure:2872: $? = 0
configure:2890: result: yes
configure:2909: checking how to run the C preprocessor
configure:2949: gcc -E  conftest.c
configure:2955: $? = 0
configure:2986: gcc -E  conftest.c
conftest.c:12:28: error: ac_nonexistent.h: No such file or directory
configure:2992: $? = 1
configure: failed program was:
| /* confdefs.h.  */
| #define PACKAGE_NAME "dns2db"
| #define PACKAGE_TARNAME "dns2db"
| #define PACKAGE_VERSION "0.5_BETA"
| #define PACKAGE_STRING "dns2db 0.5_BETA"
| #define PACKAGE_BUGREPORT "calle@autonomica.se"
| #define HAVE_LIBPCAP 1
| #define HAVE_LIBSQLITE3 1
| #define HAVE_LIBDNSLOG 1
| #define HAVE_LIBLDNS 1
| /* end confdefs.h.  */
| #include <ac_nonexistent.h>
configure:3025: result: gcc -E
configure:3054: gcc -E  conftest.c
configure:3060: $? = 0
configure:3091: gcc -E  conftest.c
conftest.c:12:28: error: ac_nonexistent.h: No such file or directory
configure:3097: $? = 1
configure: failed program was:
| /* confdefs.h.  */
| #define PACKAGE_NAME "dns2db"
| #define PACKAGE_TARNAME "dns2db"
| #define PACKAGE_VERSION "0.5_BETA"
| #define PACKAGE_STRING "dns2db 0.5_BETA"
| #define PACKAGE_BUGREPORT "calle@autonomica.se"
| #define HAVE_LIBPCAP 1
| #define HAVE_LIBSQLITE3 1
| #define HAVE_LIBDNSLOG 1
| #define HAVE_LIBLDNS 1
| /* end confdefs.h.  */
| #include <ac_nonexistent.h>
configure:3135: checking for grep that handles long lines and -e
configure:3209: result: /bin/grep
configure:3214: checking for egrep
configure:3292: result: /bin/grep -E
configure:3297: checking for ANSI C header files
configure:3327: gcc -c -g -O2  conftest.c >&5
configure:3333: $? = 0
configure:3432: gcc -o conftest -g -O2   conftest.c -lldns -lDNSLog -lsqlite3 -lpcap  >&5
configure:3435: $? = 0
configure:3441: ./conftest
configure:3444: $? = 0
configure:3461: result: yes
configure:3485: checking for sys/types.h
configure:3506: gcc -c -g -O2  conftest.c >&5
configure:3512: $? = 0
configure:3528: result: yes
configure:3485: checking for sys/stat.h
configure:3506: gcc -c -g -O2  conftest.c >&5
configure:3512: $? = 0
configure:3528: result: yes
configure:3485: checking for stdlib.h
configure:3506: gcc -c -g -O2  conftest.c >&5
configure:3512: $? = 0
configure:3528: result: yes
configure:3485: checking for string.h
configure:3506: gcc -c -g -O2  conftest.c >&5
configure:3512: $? = 0
configure:3528: result: yes
configure:3485: checking for memory.h
configure:3506: gcc -c -g -O2  conftest.c >&5
configure:3512: $? = 0
configure:3528: result: yes
configure:3485: checking for strings.h
configure:3506: gcc -c -g -O2  conftest.c >&5
configure:3512: $? = 0
configure:3528: result: yes
configure:3485: checking for inttypes.h
configure:3506: gcc -c -g -O2  conftest.c >&5
configure:3512: $? = 0
configure:3528: result: yes
configure:3485: checking for stdint.h
configure:3506: gcc -c -g -O2  conftest.c >&5
configure:3512: $? = 0
configure:3528: result: yes
configure:3485: checking for unistd.h
configure:3506: gcc -c -g -O2  conftest.c >&5
configure:3512: $? = 0
configure:3528: result: yes
configure:3563: checking arpa/inet.h usability
configure:3580: gcc -c -g -O2  conftest.c >&5
configure:3586: $? = 0
configure:3600: result: yes
configure:3604: checking arpa/inet.h presence
configure:3619: gcc -E  conftest.c
configure:3625: $? = 0
configure:3639: result: yes
configure:3672: checking for arpa/inet.h
configure:3680: result: yes
configure:3563: checking netinet/udp.h usability
configure:3580: gcc -c -g -O2  conftest.c >&5
configure:3586: $? = 0
configure:3600: result: yes
configure:3604: checking netinet/udp.h presence
configure:3619: gcc -E  conftest.c
configure:3625: $? = 0
configure:3639: result: yes
configure:3672: checking for netinet/udp.h
configure:3680: result: yes
configure:3563: checking netinet/in.h usability
configure:3580: gcc -c -g -O2  conftest.c >&5
configure:3586: $? = 0
configure:3600: result: yes
configure:3604: checking netinet/in.h presence
configure:3619: gcc -E  conftest.c
configure:3625: $? = 0
configure:3639: result: yes
configure:3672: checking for netinet/in.h
configure:3680: result: yes
configure:3553: checking for stdlib.h
configure:3559: result: yes
configure:3553: checking for string.h
configure:3559: result: yes
configure:3563: checking sys/socket.h usability
configure:3580: gcc -c -g -O2  conftest.c >&5
configure:3586: $? = 0
configure:3600: result: yes
configure:3604: checking sys/socket.h presence
configure:3619: gcc -E  conftest.c
configure:3625: $? = 0
configure:3639: result: yes
configure:3672: checking for sys/socket.h
configure:3680: result: yes
configure:3563: checking sys/time.h usability
configure:3580: gcc -c -g -O2  conftest.c >&5
configure:3586: $? = 0
configure:3600: result: yes
configure:3604: checking sys/time.h presence
configure:3619: gcc -E  conftest.c
configure:3625: $? = 0
configure:3639: result: yes
configure:3672: checking for sys/time.h
configure:3680: result: yes
configure:3563: checking syslog.h usability
configure:3580: gcc -c -g -O2  conftest.c >&5
configure:3586: $? = 0
configure:3600: result: yes
configure:3604: checking syslog.h presence
configure:3619: gcc -E  conftest.c
configure:3625: $? = 0
configure:3639: result: yes
configure:3672: checking for syslog.h
configure:3680: result: yes
configure:3553: checking for unistd.h
configure:3559: result: yes
configure:3695: checking for an ANSI C-conforming const
configure:3770: gcc -c -g -O2  conftest.c >&5
configure:3776: $? = 0
configure:3791: result: yes
configure:3801: checking for off_t
configure:3831: gcc -c -g -O2  conftest.c >&5
configure:3837: $? = 0
configure:3852: result: yes
configure:3864: checking for size_t
configure:3894: gcc -c -g -O2  conftest.c >&5
configure:3900: $? = 0
configure:3915: result: yes
configure:3927: checking whether time.h and sys/time.h may both be included
configure:3957: gcc -c -g -O2  conftest.c >&5
configure:3963: $? = 0
configure:3978: result: yes
configure:3995: checking for stdlib.h
configure:4001: result: yes
configure:4135: checking for GNU libc compatible malloc
configure:4169: gcc -o conftest -g -O2   conftest.c -lldns -lDNSLog -lsqlite3 -lpcap  >&5
configure:4172: $? = 0
configure:4178: ./conftest
configure:4181: $? = 0
configure:4197: result: yes
configure:4225: checking whether lstat dereferences a symlink specified with a trailing slash
configure:4261: gcc -o conftest -g -O2   conftest.c -lldns -lDNSLog -lsqlite3 -lpcap  >&5
configure:4264: $? = 0
configure:4270: ./conftest
configure:4273: $? = 0
configure:4296: result: yes
configure:4315: checking whether stat accepts an empty string
configure:4345: gcc -o conftest -g -O2   conftest.c -lldns -lDNSLog -lsqlite3 -lpcap  >&5
configure:4348: $? = 0
configure:4354: ./conftest
configure:4357: $? = 0
configure:4373: result: no
configure:4398: checking for inet_ntoa
configure:4454: gcc -o conftest -g -O2   conftest.c -lldns -lDNSLog -lsqlite3 -lpcap  >&5
configure:4460: $? = 0
configure:4478: result: yes
configure:4398: checking for memset
configure:4454: gcc -o conftest -g -O2   conftest.c -lldns -lDNSLog -lsqlite3 -lpcap  >&5
conftest.c:59: warning: conflicting types for built-in function 'memset'
configure:4460: $? = 0
configure:4478: result: yes
configure:4398: checking for regcomp
configure:4454: gcc -o conftest -g -O2   conftest.c -lldns -lDNSLog -lsqlite3 -lpcap  >&5
configure:4460: $? = 0
configure:4478: result: yes
configure:4398: checking for strchr
configure:4454: gcc -o conftest -g -O2   conftest.c -lldns -lDNSLog -lsqlite3 -lpcap  >&5
conftest.c:61: warning: conflicting types for built-in function 'strchr'
configure:4460: $? = 0
configure:4478: result: yes
configure:4398: checking for strdup
configure:4454: gcc -o conftest -g -O2   conftest.c -lldns -lDNSLog -lsqlite3 -lpcap  >&5
conftest.c:62: warning: conflicting types for built-in function 'strdup'
configure:4460: $? = 0
configure:4478: result: yes
configure:4398: checking for strndup
configure:4454: gcc -o conftest -g -O2   conftest.c -lldns -lDNSLog -lsqlite3 -lpcap  >&5
conftest.c:63: warning: conflicting types for built-in function 'strndup'
configure:4460: $? = 0
configure:4478: result: yes
configure:4520: gcc -c -g -O2  conftest.c >&5
configure:4526: $? = 0
configure:4531: result: checking udp header source.. yes
configure:4655: creating ./config.status

## ---------------------- ##
## Running config.status. ##
## ---------------------- ##

This file was extended by dns2db config.status 0.5_BETA, which was
generated by GNU Autoconf 2.61.  Invocation command line was

  CONFIG_FILES    = 
  CONFIG_HEADERS  = 
  CONFIG_LINKS    = 
  CONFIG_COMMANDS = 
  $ ./config.status 

on calle

config.status:591: creating Makefile
config.status:591: creating dns2db_config.h

## ---------------- ##
## Cache variables. ##
## ---------------- ##

ac_cv_c_compiler_gnu=yes
ac_cv_c_const=yes
ac_cv_env_CC_set=
ac_cv_env_CC_value=
ac_cv_env_CFLAGS_set=
ac_cv_env_CFLAGS_value=
ac_cv_env_CPPFLAGS_set=
ac_cv_env_CPPFLAGS_value=
ac_cv_env_CPP_set=
ac_cv_env_CPP_value=
ac_cv_env_LDFLAGS_set=
ac_cv_env_LDFLAGS_value=
ac_cv_env_LIBS_set=
ac_cv_env_LIBS_value=
ac_cv_env_build_alias_set=
ac_cv_env_build_alias_value=
ac_cv_env_host_alias_set=
ac_cv_env_host_alias_value=
ac_cv_env_target_alias_set=
ac_cv_env_target_alias_value=
ac_cv_func_inet_ntoa=yes
ac_cv_func_lstat_dereferences_slashed_symlink=yes
ac_cv_func_malloc_0_nonnull=yes
ac_cv_func_memset=yes
ac_cv_func_regcomp=yes
ac_cv_func_stat_empty_string_bug=no
ac_cv_func_strchr=yes
ac_cv_func_strdup=yes
ac_cv_func_strndup=yes
ac_cv_header_arpa_inet_h=yes
ac_cv_header_inttypes_h=yes
ac_cv_header_memory_h=yes
ac_cv_header_netinet_in_h=yes
ac_cv_header_netinet_udp_h=yes
ac_cv_header_stdc=yes
ac_cv_header_stdint_h=yes
ac_cv_header_stdlib_h=yes
ac_cv_header_string_h=yes
ac_cv_header_strings_h=yes
ac_cv_header_sys_socket_h=yes
ac_cv_header_sys_stat_h=yes
ac_cv_header_sys_time_h=yes
ac_cv_header_sys_types_h=yes
ac_cv_header_syslog_h=yes
ac_cv_header_time=yes
ac_cv_header_unistd_h=yes
ac_cv_lib_DNSLog_DNSLog_open=yes
ac_cv_lib_ldns_ldns_wire2pkt=yes
ac_cv_lib_pcap_pcap_open_offline=yes
ac_cv_lib_sqlite3_sqlite3_close=yes
ac_cv_objext=o
ac_cv_path_EGREP='/bin/grep -E'
ac_cv_path_GREP=/bin/grep
ac_cv_prog_CPP='gcc -E'
ac_cv_prog_ac_ct_CC=gcc
ac_cv_prog_cc_c89=
ac_cv_prog_cc_g=yes
ac_cv_type_off_t=yes
ac_cv_type_size_t=yes

## ----------------- ##
## Output variables. ##
## ----------------- ##

CC='gcc'
CFLAGS='-g -O2'
CPP='gcc -E'
CPPFLAGS=''
DEFS='-DHAVE_CONFIG_H'
ECHO_C=''
ECHO_N='-n'
ECHO_T=''
EGREP='/bin/grep -E'
EXEEXT=''
GREP='/bin/grep'
LDFLAGS=''
LIBOBJS=''
LIBS='-lldns -lDNSLog -lsqlite3 -lpcap '
LTLIBOBJS=''
OBJEXT='o'
PACKAGE_BUGREPORT='calle@autonomica.se'
PACKAGE_NAME='dns2db'
PACKAGE_STRING='dns2db 0.5_BETA'
PACKAGE_TARNAME='dns2db'
PACKAGE_VERSION='0.5_BETA'
PATH_SEPARATOR=':'
SHELL='/bin/bash'
ac_ct_CC='gcc'
bindir='${exec_prefix}/bin'
build_alias=''
datadir='${datarootdir}'
datarootdir='${prefix}/share'
docdir='${datarootdir}/doc/${PACKAGE_TARNAME}'
dvidir='${docdir}'
exec_prefix='${prefix}'
host_alias=''
htmldir='${docdir}'
includedir='${prefix}/include'
infodir='${datarootdir}/info'
libdir='${exec_prefix}/lib'
libexecdir='${exec_prefix}/libexec'
localedir='${datarootdir}/locale'
localstatedir='${prefix}/var'
mandir='${datarootdir}/man'
oldincludedir='/usr/include'
pdfdir='${docdir}'
prefix='/usr/local'
program_transform_name='s,x,x,'
psdir='${docdir}'
sbindir='${exec_prefix}/sbin'
sharedstatedir='${prefix}/com'
sysconfdir='${prefix}/etc'
target_alias=''

## ----------- ##
## confdefs.h. ##
## ----------- ##

#define PACKAGE_NAME "dns2db"
#define PACKAGE_TARNAME "dns2db"
#define PACKAGE_VERSION "0.5_BETA"
#define PACKAGE_STRING "dns2db 0.5_BETA"
#define PACKAGE_BUGREPORT "calle@autonomica.se"
#define HAVE_LIBPCAP 1
#define HAVE_LIBSQLITE3 1
#define HAVE_LIBDNSLOG 1
#define HAVE_LIBLDNS 1
#define STDC_HEADERS 1
#define HAVE_SYS_TYPES_H 1
#define HAVE_SYS_STAT_H 1
#define HAVE_STDLIB_H 1
#define HAVE_STRING_H 1
#define HAVE_MEMORY_H 1
#define HAVE_STRINGS_H 1
#define HAVE_INTTYPES_H 1
#define HAVE_STDINT_H 1
#define HAVE_UNISTD_H 1
#define HAVE_ARPA_INET_H 1
#define HAVE_NETINET_UDP_H 1
#define HAVE_NETINET_IN_H 1
#define HAVE_STDLIB_H 1
#define HAVE_STRING_H 1
#define HAVE_SYS_SOCKET_H 1
#define HAVE_SYS_TIME_H 1
#define HAVE_SYSLOG_H 1
#define HAVE_UNISTD_H 1
#define TIME_WITH_SYS_TIME 1
#define HAVE_STDLIB_H 1
#define HAVE_MALLOC 1
#define LSTAT_FOLLOWS_SLASHED_SYMLINK 1
#define HAVE_INET_NTOA 1
#define HAVE_MEMSET 1
#define HAVE_REGCOMP 1
#define HAVE_STRCHR 1
#define HAVE_STRDUP 1
#define HAVE_STRNDUP 1
#define HAVE_UDP_HEADER_SOURCE 1

configure: exit 0
