This file contains any messages produced by compilers while
running configure, to aid debugging if configure makes a mistake.

It was created by libDNSLog configure 0.9_BETA, which was
generated by GNU Autoconf 2.61.  Invocation command line was

  $ ./configure 

## --------- ##
## Platform. ##
## --------- ##

hostname = niclas-laptop42
uname -m = i686
uname -r = 2.6.20-16-generic
uname -s = Linux
uname -v = #2 SMP Thu Jun 7 20:19:32 UTC 2007

/usr/bin/uname -p = unknown
/bin/uname -X     = unknown

/bin/arch              = i686
/usr/bin/arch -k       = unknown
/usr/convex/getsysinfo = unknown
/usr/bin/hostinfo      = unknown
/bin/machine           = unknown
/usr/bin/oslevel       = unknown
/bin/universe          = unknown

PATH: /usr/local/sbin
PATH: /usr/local/bin
PATH: /usr/sbin
PATH: /usr/bin
PATH: /sbin
PATH: /bin
PATH: /usr/bin/X11
PATH: /usr/games


## ----------- ##
## Core tests. ##
## ----------- ##

configure:1744: checking for gcc
configure:1760: found /usr/bin/gcc
configure:1771: result: gcc
configure:2009: checking for C compiler version
configure:2016: gcc --version >&5
gcc (GCC) 4.1.2 (Ubuntu 4.1.2-0ubuntu4)
Copyright (C) 2006 Free Software Foundation, Inc.
This is free software; see the source for copying conditions.  There is NO
warranty; not even for MERCHANTABILITY or FITNESS FOR A PARTICULAR PURPOSE.

configure:2019: $? = 0
configure:2026: gcc -v >&5
Using built-in specs.
Target: i486-linux-gnu
Configured with: ../src/configure -v --enable-languages=c,c++,fortran,objc,obj-c++,treelang --prefix=/usr --enable-shared --with-system-zlib --libexecdir=/usr/lib --without-included-gettext --enable-threads=posix --enable-nls --program-suffix=-4.1 --enable-__cxa_atexit --enable-clocale=gnu --enable-libstdcxx-debug --enable-mpfr --enable-checking=release i486-linux-gnu
Thread model: posix
gcc version 4.1.2 (Ubuntu 4.1.2-0ubuntu4)
configure:2029: $? = 0
configure:2036: gcc -V >&5
gcc: '-V' option must have argument
configure:2039: $? = 1
configure:2062: checking for C compiler default output file name
configure:2089: gcc    conftest.c  >&5
configure:2092: $? = 0
configure:2130: result: a.out
configure:2147: checking whether the C compiler works
configure:2157: ./a.out
configure:2160: $? = 0
configure:2177: result: yes
configure:2184: checking whether we are cross compiling
configure:2186: result: no
configure:2189: checking for suffix of executables
configure:2196: gcc -o conftest    conftest.c  >&5
configure:2199: $? = 0
configure:2223: result: 
configure:2229: checking for suffix of object files
configure:2255: gcc -c   conftest.c >&5
configure:2258: $? = 0
configure:2281: result: o
configure:2285: checking whether we are using the GNU C compiler
configure:2314: gcc -c   conftest.c >&5
configure:2320: $? = 0
configure:2337: result: yes
configure:2342: checking whether gcc accepts -g
configure:2372: gcc -c -g  conftest.c >&5
configure:2378: $? = 0
configure:2477: result: yes
configure:2494: checking for gcc option to accept ISO C89
configure:2568: gcc  -c -g -O2  conftest.c >&5
configure:2574: $? = 0
configure:2597: result: none needed
configure:2658: checking for ranlib
configure:2674: found /usr/bin/ranlib
configure:2685: result: ranlib
configure:2726: checking for sqlite3_prepare_v2 in -lsqlite3
configure:2761: gcc -o conftest -g -O2     conftest.c -lsqlite3   >&5
/usr/bin/ld: cannot find -lsqlite3
collect2: ld returned 1 exit status
configure:2767: $? = 1
configure: failed program was:
| /* confdefs.h.  */
| #define PACKAGE_NAME "libDNSLog"
| #define PACKAGE_TARNAME "libdnslog"
| #define PACKAGE_VERSION "0.9_BETA"
| #define PACKAGE_STRING "libDNSLog 0.9_BETA"
| #define PACKAGE_BUGREPORT "calle@autonomica.se"
| /* end confdefs.h.  */
| 
| /* Override any GCC internal prototype to avoid an error.
|    Use char because int might match the return type of a GCC
|    builtin and then its argument prototype would still apply.  */
| #ifdef __cplusplus
| extern "C"
| #endif
| char sqlite3_prepare_v2 ();
| int
| main ()
| {
| return sqlite3_prepare_v2 ();
|   ;
|   return 0;
| }
configure:2785: result: no
configure:2795: error: Cannot find sqlite3 lib, please make sure it is installed and right version

## ---------------- ##
## Cache variables. ##
## ---------------- ##

ac_cv_c_compiler_gnu=yes
ac_cv_env_CC_set=
ac_cv_env_CC_value=
ac_cv_env_CFLAGS_set=
ac_cv_env_CFLAGS_value=
ac_cv_env_CPPFLAGS_set=
ac_cv_env_CPPFLAGS_value=
ac_cv_env_CPP_set=
ac_cv_env_CPP_value=
ac_cv_env_LDFLAGS_set=
ac_cv_env_LDFLAGS_value=
ac_cv_env_LIBS_set=
ac_cv_env_LIBS_value=
ac_cv_env_build_alias_set=
ac_cv_env_build_alias_value=
ac_cv_env_host_alias_set=
ac_cv_env_host_alias_value=
ac_cv_env_target_alias_set=
ac_cv_env_target_alias_value=
ac_cv_lib_sqlite3_sqlite3_prepare_v2=no
ac_cv_objext=o
ac_cv_prog_ac_ct_CC=gcc
ac_cv_prog_ac_ct_RANLIB=ranlib
ac_cv_prog_cc_c89=
ac_cv_prog_cc_g=yes

## ----------------- ##
## Output variables. ##
## ----------------- ##

CC='gcc'
CFLAGS='-g -O2 '
CPP=''
CPPFLAGS=''
C_SQLITE3=''
DEFS=''
ECHO_C=''
ECHO_N='-n'
ECHO_T=''
EGREP=''
EXEEXT=''
GREP=''
LDFLAGS=' '
LIBOBJS=''
LIBS=''
LTLIBOBJS=''
L_SQLITE3=''
OBJEXT='o'
PACKAGE_BUGREPORT='calle@autonomica.se'
PACKAGE_NAME='libDNSLog'
PACKAGE_STRING='libDNSLog 0.9_BETA'
PACKAGE_TARNAME='libdnslog'
PACKAGE_VERSION='0.9_BETA'
PATH_SEPARATOR=':'
RANLIB='ranlib'
SHELL='/bin/bash'
VERSION='0.9_BETA'
ac_ct_CC='gcc'
bindir='${exec_prefix}/bin'
build_alias=''
datadir='${datarootdir}'
datarootdir='${prefix}/share'
docdir='${datarootdir}/doc/${PACKAGE_TARNAME}'
dvidir='${docdir}'
exec_prefix='NONE'
host_alias=''
htmldir='${docdir}'
includedir='${prefix}/include'
infodir='${datarootdir}/info'
libdir='${exec_prefix}/lib'
libexecdir='${exec_prefix}/libexec'
localedir='${datarootdir}/locale'
localstatedir='${prefix}/var'
mandir='${datarootdir}/man'
oldincludedir='/usr/include'
pdfdir='${docdir}'
prefix='NONE'
program_transform_name='s,x,x,'
psdir='${docdir}'
sbindir='${exec_prefix}/sbin'
sharedstatedir='${prefix}/com'
sysconfdir='${prefix}/etc'
target_alias=''

## ----------- ##
## confdefs.h. ##
## ----------- ##

#define PACKAGE_NAME "libDNSLog"
#define PACKAGE_TARNAME "libdnslog"
#define PACKAGE_VERSION "0.9_BETA"
#define PACKAGE_STRING "libDNSLog 0.9_BETA"
#define PACKAGE_BUGREPORT "calle@autonomica.se"

configure: exit 1
